<?xml version="1.0" encoding="UTF-8"?>
<!-- Generated by org.testng.reporters.JUnitReportReporter -->
<testsuite skipped="0" hostname="hari-laptop" name="TestCases.FirstTestCase" tests="2" failures="0" timestamp="2022-03-09T16:07:47 IST" time="0.088" errors="0">
  <testcase name="validatetitle" time="0.006" classname="TestCases.FirstTestCase"/>
  <system-out/>
  <testcase name="validateImage" time="0.082" classname="TestCases.FirstTestCase"/>
  <system-out/>
</testsuite> <!-- TestCases.FirstTestCase -->
